[
	{
		"_id": "C:\\ProgramData\\Microsoft\\Windows\\Start Menu\\BS.Player FREE.lnk",
		"name": "BS.Player FREE"
	},
	{
		"_id": "C:\\ProgramData\\Microsoft\\Windows\\Start Menu\\Programs\\Accessibility\\Speech Recognition.lnk",
		"name": "Speech Recognition"
	},
	{
		"_id": "C:\\ProgramData\\Microsoft\\Windows\\Start Menu\\Programs\\Accessories\\Math Input Panel.lnk",
		"name": "Math Input Panel"
	},
	{
		"_id": "C:\\ProgramData\\Microsoft\\Windows\\Start Menu\\Programs\\Accessories\\Paint.lnk",
		"name": "Paint"
	},
	{
		"_id": "C:\\ProgramData\\Microsoft\\Windows\\Start Menu\\Programs\\Accessories\\Remote Desktop Connection.lnk",
		"name": "Remote Desktop Connection"
	},
	{
		"_id": "C:\\ProgramData\\Microsoft\\Windows\\Start Menu\\Programs\\Accessories\\Snipping Tool.lnk",
		"name": "Snipping Tool"
	},
	{
		"_id": "C:\\ProgramData\\Microsoft\\Windows\\Start Menu\\Programs\\Accessories\\Steps Recorder.lnk",
		"name": "Steps Recorder"
	},
	{
		"_id": "C:\\ProgramData\\Microsoft\\Windows\\Start Menu\\Programs\\Accessories\\Sticky Notes.lnk",
		"name": "Sticky Notes"
	},
	{
		"_id": "C:\\ProgramData\\Microsoft\\Windows\\Start Menu\\Programs\\Accessories\\System Tools\\Character Map.lnk",
		"name": "Character Map"
	},
	{
		"_id": "C:\\ProgramData\\Microsoft\\Windows\\Start Menu\\Programs\\Accessories\\Tablet PC\\Windows Journal.lnk",
		"name": "Windows Journal"
	},
	{
		"_id": "C:\\ProgramData\\Microsoft\\Windows\\Start Menu\\Programs\\Accessories\\Windows Fax and Scan.lnk",
		"name": "Windows Fax and Scan"
	},
	{
		"_id": "C:\\ProgramData\\Microsoft\\Windows\\Start Menu\\Programs\\Accessories\\Windows Media Player.lnk",
		"name": "Windows Media Player"
	},
	{
		"_id": "C:\\ProgramData\\Microsoft\\Windows\\Start Menu\\Programs\\Accessories\\Wordpad.lnk",
		"name": "Wordpad"
	},
	{
		"_id": "C:\\ProgramData\\Microsoft\\Windows\\Start Menu\\Programs\\Accessories\\XPS Viewer.lnk",
		"name": "XPS Viewer"
	},
	{
		"_id": "C:\\ProgramData\\Microsoft\\Windows\\Start Menu\\Programs\\Administrative Tools\\Component Services.lnk",
		"name": "Component Services"
	},
	{
		"_id": "C:\\ProgramData\\Microsoft\\Windows\\Start Menu\\Programs\\Administrative Tools\\Computer Management.lnk",
		"name": "Computer Management"
	},
	{
		"_id": "C:\\ProgramData\\Microsoft\\Windows\\Start Menu\\Programs\\Administrative Tools\\Disk Cleanup.lnk",
		"name": "Disk Cleanup"
	},
	{
		"_id": "C:\\ProgramData\\Microsoft\\Windows\\Start Menu\\Programs\\Administrative Tools\\Event Viewer.lnk",
		"name": "Event Viewer"
	},
	{
		"_id": "C:\\ProgramData\\Microsoft\\Windows\\Start Menu\\Programs\\Administrative Tools\\Memory Diagnostics Tool.lnk",
		"name": "Memory Diagnostics Tool"
	},
	{
		"_id": "C:\\ProgramData\\Microsoft\\Windows\\Start Menu\\Programs\\Administrative Tools\\ODBC Data Sources (32-bit).lnk",
		"name": "ODBC Data Sources (32-bit)"
	},
	{
		"_id": "C:\\ProgramData\\Microsoft\\Windows\\Start Menu\\Programs\\Administrative Tools\\ODBC Data Sources (64-bit).lnk",
		"name": "ODBC Data Sources (64-bit)"
	},
	{
		"_id": "C:\\ProgramData\\Microsoft\\Windows\\Start Menu\\Programs\\Administrative Tools\\Performance Monitor.lnk",
		"name": "Performance Monitor"
	},
	{
		"_id": "C:\\ProgramData\\Microsoft\\Windows\\Start Menu\\Programs\\Administrative Tools\\Resource Monitor.lnk",
		"name": "Resource Monitor"
	},
	{
		"_id": "C:\\ProgramData\\Microsoft\\Windows\\Start Menu\\Programs\\Administrative Tools\\System Configuration.lnk",
		"name": "System Configuration"
	},
	{
		"_id": "C:\\ProgramData\\Microsoft\\Windows\\Start Menu\\Programs\\Administrative Tools\\System Information.lnk",
		"name": "System Information"
	},
	{
		"_id": "C:\\ProgramData\\Microsoft\\Windows\\Start Menu\\Programs\\Administrative Tools\\Task Scheduler.lnk",
		"name": "Task Scheduler"
	},
	{
		"_id": "C:\\ProgramData\\Microsoft\\Windows\\Start Menu\\Programs\\Administrative Tools\\Windows Firewall with Advanced Security.lnk",
		"name": "Windows Firewall with Advanced Security"
	},
	{
		"_id": "C:\\ProgramData\\Microsoft\\Windows\\Start Menu\\Programs\\Administrative Tools\\dfrgui.lnk",
		"name": "dfrgui"
	},
	{
		"_id": "C:\\ProgramData\\Microsoft\\Windows\\Start Menu\\Programs\\Administrative Tools\\iSCSI Initiator.lnk",
		"name": "iSCSI Initiator"
	},
	{
		"_id": "C:\\ProgramData\\Microsoft\\Windows\\Start Menu\\Programs\\Administrative Tools\\services.lnk",
		"name": "services"
	},
	{
		"_id": "C:\\ProgramData\\Microsoft\\Windows\\Start Menu\\Programs\\Agencia Tributaria\\Renta 2015\\Leame de Renta 2015.lnk",
		"name": "Leame de Renta 2015"
	},
	{
		"_id": "C:\\ProgramData\\Microsoft\\Windows\\Start Menu\\Programs\\AutoHotkey\\Active Window Info (Window Spy).lnk",
		"name": "Active Window Info (Window Spy)"
	},
	{
		"_id": "C:\\ProgramData\\Microsoft\\Windows\\Start Menu\\Programs\\AutoHotkey\\AutoHotkey Help File.lnk",
		"name": "AutoHotkey Help File"
	},
	{
		"_id": "C:\\ProgramData\\Microsoft\\Windows\\Start Menu\\Programs\\AutoHotkey\\AutoHotkey Setup.lnk",
		"name": "AutoHotkey Setup"
	},
	{
		"_id": "C:\\ProgramData\\Microsoft\\Windows\\Start Menu\\Programs\\AutoHotkey\\AutoHotkey.lnk",
		"name": "AutoHotkey"
	},
	{
		"_id": "C:\\ProgramData\\Microsoft\\Windows\\Start Menu\\Programs\\AutoHotkey\\Convert .ahk to .exe.lnk",
		"name": "Convert .ahk to .exe"
	},
	{
		"_id": "C:\\ProgramData\\Microsoft\\Windows\\Start Menu\\Programs\\AutoHotkey\\Website.lnk",
		"name": "Website"
	},
	{
		"_id": "C:\\ProgramData\\Microsoft\\Windows\\Start Menu\\Programs\\BS.Player\\BS.Player FREE.lnk",
		"name": "BS.Player FREE"
	},
	{
		"_id": "C:\\ProgramData\\Microsoft\\Windows\\Start Menu\\Programs\\BS.Player\\Uninstall BS.Player FREE.lnk",
		"name": "Uninstall BS.Player FREE"
	},
	{
		"_id": "C:\\ProgramData\\Microsoft\\Windows\\Start Menu\\Programs\\Desktop.lnk",
		"name": "Desktop"
	},
	{
		"_id": "C:\\ProgramData\\Microsoft\\Windows\\Start Menu\\Programs\\Devices Flow.lnk",
		"name": "Devices Flow"
	},
	{
		"_id": "C:\\ProgramData\\Microsoft\\Windows\\Start Menu\\Programs\\DisplayFusion\\DisplayFusion Desktop Wallpaper.lnk",
		"name": "DisplayFusion Desktop Wallpaper"
	},
	{
		"_id": "C:\\ProgramData\\Microsoft\\Windows\\Start Menu\\Programs\\DisplayFusion\\DisplayFusion Monitor Configuration.lnk",
		"name": "DisplayFusion Monitor Configuration"
	},
	{
		"_id": "C:\\ProgramData\\Microsoft\\Windows\\Start Menu\\Programs\\DisplayFusion\\DisplayFusion Settings.lnk",
		"name": "DisplayFusion Settings"
	},
	{
		"_id": "C:\\ProgramData\\Microsoft\\Windows\\Start Menu\\Programs\\DisplayFusion\\DisplayFusion Uninstall.lnk",
		"name": "DisplayFusion Uninstall"
	},
	{
		"_id": "C:\\ProgramData\\Microsoft\\Windows\\Start Menu\\Programs\\DisplayFusion\\DisplayFusion.lnk",
		"name": "DisplayFusion"
	},
	{
		"_id": "C:\\ProgramData\\Microsoft\\Windows\\Start Menu\\Programs\\Dropbox\\Dropbox.lnk",
		"name": "Dropbox"
	},
	{
		"_id": "C:\\ProgramData\\Microsoft\\Windows\\Start Menu\\Programs\\Elite Dangerous Market Connector.lnk",
		"name": "Elite Dangerous Market Connector"
	},
	{
		"_id": "C:\\ProgramData\\Microsoft\\Windows\\Start Menu\\Programs\\Fraps\\Fraps.lnk",
		"name": "Fraps"
	},
	{
		"_id": "C:\\ProgramData\\Microsoft\\Windows\\Start Menu\\Programs\\Fraps\\Uninstall.lnk",
		"name": "Uninstall"
	},
	{
		"_id": "C:\\ProgramData\\Microsoft\\Windows\\Start Menu\\Programs\\Free Download Manager\\Free Download Manager.lnk",
		"name": "Free Download Manager"
	},
	{
		"_id": "C:\\ProgramData\\Microsoft\\Windows\\Start Menu\\Programs\\Free Download Manager\\Uninstall Free Download Manager.lnk",
		"name": "Uninstall Free Download Manager"
	},
	{
		"_id": "C:\\ProgramData\\Microsoft\\Windows\\Start Menu\\Programs\\GIGABYTE\\ET6\\ET6.lnk",
		"name": "ET6"
	},
	{
		"_id": "C:\\ProgramData\\Microsoft\\Windows\\Start Menu\\Programs\\GIGABYTE\\ET6\\Help.lnk",
		"name": "Help"
	},
	{
		"_id": "C:\\ProgramData\\Microsoft\\Windows\\Start Menu\\Programs\\Git\\Git Bash.lnk",
		"name": "Git Bash"
	},
	{
		"_id": "C:\\ProgramData\\Microsoft\\Windows\\Start Menu\\Programs\\Git\\Git CMD.lnk",
		"name": "Git CMD"
	},
	{
		"_id": "C:\\ProgramData\\Microsoft\\Windows\\Start Menu\\Programs\\Git\\Git GUI.lnk",
		"name": "Git GUI"
	},
	{
		"_id": "C:\\ProgramData\\Microsoft\\Windows\\Start Menu\\Programs\\Google Chrome.lnk",
		"name": "Google Chrome"
	},
	{
		"_id": "C:\\ProgramData\\Microsoft\\Windows\\Start Menu\\Programs\\Immersive Control Panel.lnk",
		"name": "Immersive Control Panel"
	},
	{
		"_id": "C:\\ProgramData\\Microsoft\\Windows\\Start Menu\\Programs\\Logitech\\Logitech Gaming Software.lnk",
		"name": "Logitech Gaming Software"
	},
	{
		"_id": "C:\\ProgramData\\Microsoft\\Windows\\Start Menu\\Programs\\MiracastView.lnk",
		"name": "MiracastView"
	},
	{
		"_id": "C:\\ProgramData\\Microsoft\\Windows\\Start Menu\\Programs\\NVIDIA Corporation\\3D Vision\\3D Vision Photo Viewer.lnk",
		"name": "3D Vision Photo Viewer"
	},
	{
		"_id": "C:\\ProgramData\\Microsoft\\Windows\\Start Menu\\Programs\\NVIDIA Corporation\\3D Vision\\3D Vision preview pack 1.lnk",
		"name": "3D Vision preview pack 1"
	},
	{
		"_id": "C:\\ProgramData\\Microsoft\\Windows\\Start Menu\\Programs\\NVIDIA Corporation\\GeForce Experience.lnk",
		"name": "GeForce Experience"
	},
	{
		"_id": "C:\\ProgramData\\Microsoft\\Windows\\Start Menu\\Programs\\Node.js\\Node.js command prompt.lnk",
		"name": "Node.js command prompt"
	},
	{
		"_id": "C:\\ProgramData\\Microsoft\\Windows\\Start Menu\\Programs\\Node.js\\Node.js.lnk",
		"name": "Node.js"
	},
	{
		"_id": "C:\\ProgramData\\Microsoft\\Windows\\Start Menu\\Programs\\Node.js\\Uninstall Node.js.lnk",
		"name": "Uninstall Node.js"
	},
	{
		"_id": "C:\\ProgramData\\Microsoft\\Windows\\Start Menu\\Programs\\PrintDialog.lnk",
		"name": "PrintDialog"
	},
	{
		"_id": "C:\\ProgramData\\Microsoft\\Windows\\Start Menu\\Programs\\Search.lnk",
		"name": "Search"
	},
	{
		"_id": "C:\\ProgramData\\Microsoft\\Windows\\Start Menu\\Programs\\Smart Technology\\Profile Editor.lnk",
		"name": "Profile Editor"
	},
	{
		"_id": "C:\\ProgramData\\Microsoft\\Windows\\Start Menu\\Programs\\Smart Technology\\Profiler.lnk",
		"name": "Profiler"
	},
	{
		"_id": "C:\\ProgramData\\Microsoft\\Windows\\Start Menu\\Programs\\Steam\\Steam.lnk",
		"name": "Steam"
	},
	{
		"_id": "C:\\ProgramData\\Microsoft\\Windows\\Start Menu\\Programs\\System Tools\\Default Programs.lnk",
		"name": "Default Programs"
	},
	{
		"_id": "C:\\ProgramData\\Microsoft\\Windows\\Start Menu\\Programs\\System Tools\\Task Manager.lnk",
		"name": "Task Manager"
	},
	{
		"_id": "C:\\ProgramData\\Microsoft\\Windows\\Start Menu\\Programs\\System Tools\\Windows Defender.lnk",
		"name": "Windows Defender"
	},
	{
		"_id": "C:\\ProgramData\\Microsoft\\Windows\\Start Menu\\Programs\\TeamViewer 11.lnk",
		"name": "TeamViewer 11"
	},
	{
		"_id": "C:\\ProgramData\\Microsoft\\Windows\\Start Menu\\Programs\\VIVE Software\\Uninstall.lnk",
		"name": "Uninstall"
	},
	{
		"_id": "C:\\ProgramData\\Microsoft\\Windows\\Start Menu\\Programs\\VIVE Software\\Vive Dashboard.lnk",
		"name": "Vive Dashboard"
	},
	{
		"_id": "C:\\ProgramData\\Microsoft\\Windows\\Start Menu\\Programs\\VIVE Software\\Vive Home.lnk",
		"name": "Vive Home"
	},
	{
		"_id": "C:\\ProgramData\\Microsoft\\Windows\\Start Menu\\Programs\\VIVE Software\\Vive.lnk",
		"name": "Vive"
	},
	{
		"_id": "C:\\ProgramData\\Microsoft\\Windows\\Start Menu\\Programs\\VoiceAttack\\VoiceAttack Documentation.lnk",
		"name": "VoiceAttack Documentation"
	},
	{
		"_id": "C:\\ProgramData\\Microsoft\\Windows\\Start Menu\\Programs\\VoiceAttack\\VoiceAttack.lnk",
		"name": "VoiceAttack"
	},
	{
		"_id": "C:\\ProgramData\\Microsoft\\Windows\\Start Menu\\Programs\\WinRAR\\Console RAR manual.lnk",
		"name": "Console RAR manual"
	},
	{
		"_id": "C:\\ProgramData\\Microsoft\\Windows\\Start Menu\\Programs\\WinRAR\\What is new in the latest version.lnk",
		"name": "What is new in the latest version"
	},
	{
		"_id": "C:\\ProgramData\\Microsoft\\Windows\\Start Menu\\Programs\\WinRAR\\WinRAR help.lnk",
		"name": "WinRAR help"
	},
	{
		"_id": "C:\\ProgramData\\Microsoft\\Windows\\Start Menu\\Programs\\WinRAR\\WinRAR.lnk",
		"name": "WinRAR"
	},
	{
		"_id": "C:\\ProgramData\\Microsoft\\Windows\\Start Menu\\Programs\\mIRC\\IRCIntro Help.lnk",
		"name": "IRCIntro Help"
	},
	{
		"_id": "C:\\ProgramData\\Microsoft\\Windows\\Start Menu\\Programs\\mIRC\\Readme.txt.lnk",
		"name": "Readme.txt"
	},
	{
		"_id": "C:\\ProgramData\\Microsoft\\Windows\\Start Menu\\Programs\\mIRC\\Versions.txt.lnk",
		"name": "Versions.txt"
	},
	{
		"_id": "C:\\ProgramData\\Microsoft\\Windows\\Start Menu\\Programs\\mIRC\\mIRC Help.lnk",
		"name": "mIRC Help"
	},
	{
		"_id": "C:\\ProgramData\\Microsoft\\Windows\\Start Menu\\Programs\\mIRC\\mIRC.lnk",
		"name": "mIRC"
	},
	{
		"_id": "C:\\ProgramData\\Microsoft\\Windows\\Start Menu\\Programs\\paint.net.lnk",
		"name": "paint.net"
	},
	{
		"_id": "C:\\Users\\dalgo\\AppData\\Roaming\\Microsoft\\Internet Explorer\\Quick Launch\\BS.Player FREE.lnk",
		"name": "BS.Player FREE"
	},
	{
		"_id": "C:\\Users\\dalgo\\AppData\\Roaming\\Microsoft\\Internet Explorer\\Quick Launch\\Free Download Manager 5.lnk",
		"name": "Free Download Manager 5"
	},
	{
		"_id": "C:\\Users\\dalgo\\AppData\\Roaming\\Microsoft\\Internet Explorer\\Quick Launch\\Google Chrome.lnk",
		"name": "Google Chrome"
	},
	{
		"_id": "C:\\Users\\dalgo\\AppData\\Roaming\\Microsoft\\Internet Explorer\\Quick Launch\\Hibernate.lnk",
		"name": "Hibernate"
	},
	{
		"_id": "C:\\Users\\dalgo\\AppData\\Roaming\\Microsoft\\Internet Explorer\\Quick Launch\\Shows Desktop.lnk",
		"name": "Shows Desktop"
	},
	{
		"_id": "C:\\Users\\dalgo\\AppData\\Roaming\\Microsoft\\Internet Explorer\\Quick Launch\\User Pinned\\StartMenu\\Open Hardware Monitor.lnk",
		"name": "Open Hardware Monitor"
	},
	{
		"_id": "C:\\Users\\dalgo\\AppData\\Roaming\\Microsoft\\Internet Explorer\\Quick Launch\\User Pinned\\TaskBar\\CKAN.lnk",
		"name": "CKAN"
	},
	{
		"_id": "C:\\Users\\dalgo\\AppData\\Roaming\\Microsoft\\Internet Explorer\\Quick Launch\\User Pinned\\TaskBar\\Elite Dangerous Market Connector.lnk",
		"name": "Elite Dangerous Market Connector"
	},
	{
		"_id": "C:\\Users\\dalgo\\AppData\\Roaming\\Microsoft\\Internet Explorer\\Quick Launch\\User Pinned\\TaskBar\\File Explorer.lnk",
		"name": "File Explorer"
	},
	{
		"_id": "C:\\Users\\dalgo\\AppData\\Roaming\\Microsoft\\Internet Explorer\\Quick Launch\\User Pinned\\TaskBar\\Google Chrome.lnk",
		"name": "Google Chrome"
	},
	{
		"_id": "C:\\Users\\dalgo\\AppData\\Roaming\\Microsoft\\Internet Explorer\\Quick Launch\\User Pinned\\TaskBar\\Spotify.lnk",
		"name": "Spotify"
	},
	{
		"_id": "C:\\Users\\dalgo\\AppData\\Roaming\\Microsoft\\Internet Explorer\\Quick Launch\\User Pinned\\TaskBar\\Steam.lnk",
		"name": "Steam"
	},
	{
		"_id": "C:\\Users\\dalgo\\AppData\\Roaming\\Microsoft\\Internet Explorer\\Quick Launch\\User Pinned\\TaskBar\\Sublime Text.lnk",
		"name": "Sublime Text"
	},
	{
		"_id": "C:\\Users\\dalgo\\AppData\\Roaming\\Microsoft\\Internet Explorer\\Quick Launch\\Window Switcher.lnk",
		"name": "Window Switcher"
	},
	{
		"_id": "C:\\Users\\dalgo\\AppData\\Roaming\\Microsoft\\Windows\\Start Menu\\Programs\\Accessibility\\Magnify.lnk",
		"name": "Magnify"
	},
	{
		"_id": "C:\\Users\\dalgo\\AppData\\Roaming\\Microsoft\\Windows\\Start Menu\\Programs\\Accessibility\\Narrator.lnk",
		"name": "Narrator"
	},
	{
		"_id": "C:\\Users\\dalgo\\AppData\\Roaming\\Microsoft\\Windows\\Start Menu\\Programs\\Accessibility\\On-Screen Keyboard.lnk",
		"name": "On-Screen Keyboard"
	},
	{
		"_id": "C:\\Users\\dalgo\\AppData\\Roaming\\Microsoft\\Windows\\Start Menu\\Programs\\Accessories\\Internet Explorer.lnk",
		"name": "Internet Explorer"
	},
	{
		"_id": "C:\\Users\\dalgo\\AppData\\Roaming\\Microsoft\\Windows\\Start Menu\\Programs\\Accessories\\Notepad.lnk",
		"name": "Notepad"
	},
	{
		"_id": "C:\\Users\\dalgo\\AppData\\Roaming\\Microsoft\\Windows\\Start Menu\\Programs\\OneDrive.lnk",
		"name": "OneDrive"
	},
	{
		"_id": "C:\\Users\\dalgo\\AppData\\Roaming\\Microsoft\\Windows\\Start Menu\\Programs\\Spotify.lnk",
		"name": "Spotify"
	},
	{
		"_id": "C:\\Users\\dalgo\\AppData\\Roaming\\Microsoft\\Windows\\Start Menu\\Programs\\Startup\\AlwaysOnTopMaker.lnk",
		"name": "AlwaysOnTopMaker"
	},
	{
		"_id": "C:\\Users\\dalgo\\AppData\\Roaming\\Microsoft\\Windows\\Start Menu\\Programs\\Startup\\DanyAHK.lnk",
		"name": "DanyAHK"
	},
	{
		"_id": "C:\\Users\\dalgo\\AppData\\Roaming\\Microsoft\\Windows\\Start Menu\\Programs\\Startup\\Profiler.lnk",
		"name": "Profiler"
	},
	{
		"_id": "C:\\Users\\dalgo\\AppData\\Roaming\\Microsoft\\Windows\\Start Menu\\Programs\\Startup\\SkinnyClock.lnk",
		"name": "SkinnyClock"
	},
	{
		"_id": "C:\\Users\\dalgo\\AppData\\Roaming\\Microsoft\\Windows\\Start Menu\\Programs\\Startup\\Skylight.lnk",
		"name": "Skylight"
	},
	{
		"_id": "C:\\Users\\dalgo\\AppData\\Roaming\\Microsoft\\Windows\\Start Menu\\Programs\\Startup\\Stickies.lnk",
		"name": "Stickies"
	},
	{
		"_id": "C:\\Users\\dalgo\\AppData\\Roaming\\Microsoft\\Windows\\Start Menu\\Programs\\Stickies\\Stickies.lnk",
		"name": "Stickies"
	},
	{
		"_id": "C:\\Users\\dalgo\\AppData\\Roaming\\Microsoft\\Windows\\Start Menu\\Programs\\System Tools\\Command Prompt.lnk",
		"name": "Command Prompt"
	},
	{
		"_id": "C:\\Users\\dalgo\\AppData\\Roaming\\Microsoft\\Windows\\Start Menu\\Programs\\System Tools\\Control Panel.lnk",
		"name": "Control Panel"
	},
	{
		"_id": "C:\\Users\\dalgo\\AppData\\Roaming\\Microsoft\\Windows\\Start Menu\\Programs\\System Tools\\Default Apps.lnk",
		"name": "Default Apps"
	},
	{
		"_id": "C:\\Users\\dalgo\\AppData\\Roaming\\Microsoft\\Windows\\Start Menu\\Programs\\System Tools\\Devices.lnk",
		"name": "Devices"
	},
	{
		"_id": "C:\\Users\\dalgo\\AppData\\Roaming\\Microsoft\\Windows\\Start Menu\\Programs\\System Tools\\File Explorer.lnk",
		"name": "File Explorer"
	},
	{
		"_id": "C:\\Users\\dalgo\\AppData\\Roaming\\Microsoft\\Windows\\Start Menu\\Programs\\System Tools\\Run.lnk",
		"name": "Run"
	},
	{
		"_id": "C:\\Users\\dalgo\\AppData\\Roaming\\Microsoft\\Windows\\Start Menu\\Programs\\System Tools\\computer.lnk",
		"name": "computer"
	},
	{
		"_id": "C:\\Users\\dalgo\\AppData\\Roaming\\Microsoft\\Windows\\Start Menu\\Programs\\WinRAR\\Console RAR manual.lnk",
		"name": "Console RAR manual"
	},
	{
		"_id": "C:\\Users\\dalgo\\AppData\\Roaming\\Microsoft\\Windows\\Start Menu\\Programs\\WinRAR\\What is new in the latest version.lnk",
		"name": "What is new in the latest version"
	},
	{
		"_id": "C:\\Users\\dalgo\\AppData\\Roaming\\Microsoft\\Windows\\Start Menu\\Programs\\WinRAR\\WinRAR help.lnk",
		"name": "WinRAR help"
	},
	{
		"_id": "C:\\Users\\dalgo\\AppData\\Roaming\\Microsoft\\Windows\\Start Menu\\Programs\\WinRAR\\WinRAR.lnk",
		"name": "WinRAR"
	},
	{
		"_id": "C:\\Users\\dalgo\\AppData\\Roaming\\Microsoft\\Windows\\Start Menu\\Programs\\Windows PowerShell\\Windows PowerShell (x86).lnk",
		"name": "Windows PowerShell (x86)"
	},
	{
		"_id": "C:\\Users\\dalgo\\AppData\\Roaming\\Microsoft\\Windows\\Start Menu\\Programs\\Windows PowerShell\\Windows PowerShell ISE (x86).lnk",
		"name": "Windows PowerShell ISE (x86)"
	},
	{
		"_id": "C:\\Users\\dalgo\\AppData\\Roaming\\Microsoft\\Windows\\Start Menu\\Programs\\Windows PowerShell\\Windows PowerShell ISE.lnk",
		"name": "Windows PowerShell ISE"
	},
	{
		"_id": "C:\\Users\\dalgo\\AppData\\Roaming\\Microsoft\\Windows\\Start Menu\\Programs\\Windows PowerShell\\Windows PowerShell.lnk",
		"name": "Windows PowerShell"
	}
]